c:\users\ilige\onedrive\documentos\2º videojuegos\tpv1\arkanoid\holasdl\debug\vc142.pdb
c:\users\ilige\onedrive\documentos\2º videojuegos\tpv1\arkanoid\holasdl\debug\vc142.idb
c:\users\ilige\onedrive\documentos\2º videojuegos\tpv1\arkanoid\holasdl\debug\reward.obj
c:\users\ilige\onedrive\documentos\2º videojuegos\tpv1\arkanoid\holasdl\debug\playstate.obj
c:\users\ilige\onedrive\documentos\2º videojuegos\tpv1\arkanoid\holasdl\debug\pausestate.obj
c:\users\ilige\onedrive\documentos\2º videojuegos\tpv1\arkanoid\holasdl\debug\paddle.obj
c:\users\ilige\onedrive\documentos\2º videojuegos\tpv1\arkanoid\holasdl\debug\movingobject.obj
c:\users\ilige\onedrive\documentos\2º videojuegos\tpv1\arkanoid\holasdl\debug\mainmenustate.obj
c:\users\ilige\onedrive\documentos\2º videojuegos\tpv1\arkanoid\holasdl\debug\main.obj
c:\users\ilige\onedrive\documentos\2º videojuegos\tpv1\arkanoid\holasdl\debug\gameobject.obj
c:\users\ilige\onedrive\documentos\2º videojuegos\tpv1\arkanoid\holasdl\debug\game.obj
c:\users\ilige\onedrive\documentos\2º videojuegos\tpv1\arkanoid\holasdl\debug\filenotfounderror.obj
c:\users\ilige\onedrive\documentos\2º videojuegos\tpv1\arkanoid\holasdl\debug\fileformaterror.obj
c:\users\ilige\onedrive\documentos\2º videojuegos\tpv1\arkanoid\holasdl\debug\endstate.obj
c:\users\ilige\onedrive\documentos\2º videojuegos\tpv1\arkanoid\holasdl\debug\button.obj
c:\users\ilige\onedrive\documentos\2º videojuegos\tpv1\arkanoid\holasdl\debug\blocksmap.obj
c:\users\ilige\onedrive\documentos\2º videojuegos\tpv1\arkanoid\holasdl\debug\block.obj
c:\users\ilige\onedrive\documentos\2º videojuegos\tpv1\arkanoid\holasdl\debug\ball.obj
c:\users\ilige\onedrive\documentos\2º videojuegos\tpv1\arkanoid\holasdl\debug\arkanoidobject.obj
c:\users\ilige\onedrive\documentos\2º videojuegos\tpv1\arkanoid\holasdl\debug\arkanoiderror.obj
c:\users\ilige\onedrive\documentos\2º videojuegos\tpv1\arkanoid\holasdl\debug\wall.obj
c:\users\ilige\onedrive\documentos\2º videojuegos\tpv1\arkanoid\holasdl\debug\vector2d.obj
c:\users\ilige\onedrive\documentos\2º videojuegos\tpv1\arkanoid\holasdl\debug\texture.obj
c:\users\ilige\onedrive\documentos\2º videojuegos\tpv1\arkanoid\holasdl\debug\sdlerror.obj
c:\users\ilige\onedrive\documentos\2º videojuegos\tpv1\arkanoid\holasdl\debug\gamestatemachine.obj
c:\users\ilige\onedrive\documentos\2º videojuegos\tpv1\arkanoid\holasdl\debug\gamestate.obj
c:\users\ilige\onedrive\documentos\2º videojuegos\tpv1\arkanoid\holasdl\debug\menubutton.obj
c:\users\ilige\onedrive\documentos\2º videojuegos\tpv1\arkanoid\holasdl\debug\arkanoiddebug.ilk
c:\users\ilige\onedrive\documentos\2º videojuegos\tpv1\arkanoid\bin\arkanoiddebug.exe
c:\users\ilige\onedrive\documentos\2º videojuegos\tpv1\arkanoid\bin\arkanoiddebug.pdb
c:\users\ilige\onedrive\documentos\2º videojuegos\tpv1\arkanoid\holasdl\debug\arkanoid.tlog\cl.command.1.tlog
c:\users\ilige\onedrive\documentos\2º videojuegos\tpv1\arkanoid\holasdl\debug\arkanoid.tlog\cl.read.1.tlog
c:\users\ilige\onedrive\documentos\2º videojuegos\tpv1\arkanoid\holasdl\debug\arkanoid.tlog\cl.write.1.tlog
c:\users\ilige\onedrive\documentos\2º videojuegos\tpv1\arkanoid\holasdl\debug\arkanoid.tlog\link.command.1.tlog
c:\users\ilige\onedrive\documentos\2º videojuegos\tpv1\arkanoid\holasdl\debug\arkanoid.tlog\link.read.1.tlog
c:\users\ilige\onedrive\documentos\2º videojuegos\tpv1\arkanoid\holasdl\debug\arkanoid.tlog\link.write.1.tlog
